<?xml version="1.0" encoding="utf-8"?><testsuites name="pytest tests"><testsuite name="pytest" errors="0" failures="0" skipped="0" tests="6" time="0.794" timestamp="2026-05-08T08:18:47.057307+00:00" hostname="agent-env-a6f969c9-c4d7-463a-b782-a038425904bf"><testcase classname="backend.tests.backend_test.TestHealth" name="test_health" time="0.189" /><testcase classname="backend.tests.backend_test.TestHealth" name="test_root" time="0.053" /><testcase classname="backend.tests.backend_test.TestInquiries" name="test_create_valid_inquiry" time="0.340" /><testcase classname="backend.tests.backend_test.TestInquiries" name="test_invalid_email" time="0.053" /><testcase classname="backend.tests.backend_test.TestInquiries" name="test_missing_required" time="0.045" /><testcase classname="backend.tests.backend_test.TestInquiries" name="test_list_inquiries" time="0.050" /></testsuite></testsuites>